Using pre-set license
Built from '2020.2/staging' branch; Version is '2020.2.5f1 (e2c53f129de5) revision 14861631'; Using compiler version '192528614'; Build Type 'Release'
OS: 'Windows 10 Pro; OS build 19042.804; Version 2009; 64bit' Language: 'it' Physical Memory: 16329 MB
BatchMode: 1, IsHumanControllingUs: 0, StartBugReporterOnCrash: 0, Is64bit: 1, IsPro: 0

 COMMAND LINE ARGUMENTS:
B:\unity\2020.2.5f1\Editor\Unity.exe
-adb2
-batchMode
-noUpm
-name
AssetImportWorker0
-projectPath
C:/Users/xXKir/OneDrive/Desktop/Progetto per colloquip
-logFile
Logs/AssetImportWorker0.log
-srvPort
58473
Successfully changed project path to: C:/Users/xXKir/OneDrive/Desktop/Progetto per colloquip
C:/Users/xXKir/OneDrive/Desktop/Progetto per colloquip
Using Asset Import Pipeline V2.
Refreshing native plugins compatible for Editor in 27.61 ms, found 0 plugins.
Preloading 0 native plugins for Editor in 0.00 ms.
Initialize engine version: 2020.2.5f1 (e2c53f129de5)
[Subsystems] Discovering subsystems at path B:/unity/2020.2.5f1/Editor/Data/Resources/UnitySubsystems
[Subsystems] Discovering subsystems at path C:/Users/xXKir/OneDrive/Desktop/Progetto per colloquip/Assets
GfxDevice: creating device client; threaded=0
Direct3D:
    Version:  Direct3D 11.0 [level 11.1]
    Renderer: NVIDIA GeForce RTX 2080 (ID=0x1e87)
    Vendor:   
    VRAM:     8010 MB
    Driver:   27.21.14.6140
Initialize mono
Mono path[0] = 'B:/unity/2020.2.5f1/Editor/Data/Managed'
Mono path[1] = 'B:/unity/2020.2.5f1/Editor/Data/MonoBleedingEdge/lib/mono/unityjit'
Mono config path = 'B:/unity/2020.2.5f1/Editor/Data/MonoBleedingEdge/etc'
Using monoOptions --debugger-agent=transport=dt_socket,embedding=1,server=y,suspend=n,address=127.0.0.1:56052
Begin MonoManager ReloadAssembly
Registering precompiled unity dll's ...
Register platform support module: B:/unity/2020.2.5f1/Editor/Data/PlaybackEngines/WindowsStandaloneSupport/UnityEditor.WindowsStandalone.Extensions.dll
Registered in 0.000946 seconds.
Native extension for WindowsStandalone target not found
Refreshing native plugins compatible for Editor in 27.62 ms, found 0 plugins.
Preloading 0 native plugins for Editor in 0.00 ms.
Invoked RoslynAnalysisRunner static constructor.
RoslynAnalysisRunner will not be running.
RoslynAnalysisRunner has terminated.
Mono: successfully reloaded assembly
- Completed reload, in  1.632 seconds
Platform modules already initialized, skipping
Registering precompiled user dll's ...
Registered in 0.002071 seconds.
Begin MonoManager ReloadAssembly
Native extension for WindowsStandalone target not found
Refreshing native plugins compatible for Editor in 0.35 ms, found 0 plugins.
Preloading 0 native plugins for Editor in 0.00 ms.
Invoked RoslynAnalysisRunner static constructor.
RoslynAnalysisRunner will not be running.
RoslynAnalysisRunner has terminated.
Mono: successfully reloaded assembly
- Completed reload, in  0.671 seconds
Platform modules already initialized, skipping
========================================================================
Worker process is ready to serve import requests
Launched and connected shader compiler UnityShaderCompiler.exe after 0.06 seconds
Refreshing native plugins compatible for Editor in 0.35 ms, found 0 plugins.
Preloading 0 native plugins for Editor in 0.00 ms.
Unloading 1348 Unused Serialized files (Serialized files now loaded: 0)
System memory in use before: 70.1 MB.
System memory in use after: 70.2 MB.

Unloading 14 unused Assets to reduce memory usage. Loaded Objects now: 1802.
Total: 1.466200 ms (FindLiveObjects: 0.183700 ms CreateObjectMapping: 0.031400 ms MarkObjects: 1.190500 ms  DeleteObjects: 0.059400 ms)

========================================================================
Received Import Request.
  path: Assets/Script/CameraLook.cs
  artifactKey: Guid(b46d620525b461146a77df4be83903d8) Importer(815301076,1909f56bfc062723c751e8b465ee728b)
Start importing Assets/Script/CameraLook.cs using Guid(b46d620525b461146a77df4be83903d8) Importer(815301076,1909f56bfc062723c751e8b465ee728b)  -> (artifact id: '74d581b9d6a147315e119d905c10fa69') in 0.059011 seconds
  Import took 0.061671 seconds .

========================================================================
Received Import Request.
  Time since last request: 0.042439 seconds.
  path: Assets/Script/Pause.cs
  artifactKey: Guid(3401e696815288b4092a2336415a458e) Importer(815301076,1909f56bfc062723c751e8b465ee728b)
Start importing Assets/Script/Pause.cs using Guid(3401e696815288b4092a2336415a458e) Importer(815301076,1909f56bfc062723c751e8b465ee728b)  -> (artifact id: 'f8072d1aa1d6970ae51888c99d609708') in 0.006672 seconds
  Import took 0.009770 seconds .

AssetImportWorkerClient::OnTransportError - code=2 error=End of file
